WARNING: Comparing a bigint and a double may result in a loss of precision.
PREHOOK: query: EXPLAIN
SELECT AVG(cint),
       (AVG(cint) + -3728),
       (-((AVG(cint) + -3728))),
       (-((-((AVG(cint) + -3728))))),
       ((-((-((AVG(cint) + -3728))))) * (AVG(cint) + -3728)),
       SUM(cdouble),
       (-(AVG(cint))),
       STDDEV_POP(cint),
       (((-((-((AVG(cint) + -3728))))) * (AVG(cint) + -3728)) * (-((-((AVG(cint) + -3728)))))),
       STDDEV_SAMP(csmallint),
       (-(STDDEV_POP(cint))),
       (STDDEV_POP(cint) - (-((-((AVG(cint) + -3728)))))),
       ((STDDEV_POP(cint) - (-((-((AVG(cint) + -3728)))))) * STDDEV_POP(cint)),
       VAR_SAMP(cint),
       AVG(cfloat),
       (10.175 - VAR_SAMP(cint)),
       (-((10.175 - VAR_SAMP(cint)))),
       ((-(STDDEV_POP(cint))) / -563),
       STDDEV_SAMP(cint),
       (-(((-(STDDEV_POP(cint))) / -563))),
       (AVG(cint) / SUM(cdouble)),
       MIN(ctinyint),
       COUNT(csmallint),
       (MIN(ctinyint) / ((-(STDDEV_POP(cint))) / -563)),
       (-((AVG(cint) / SUM(cdouble))))
FROM   alltypesorc
WHERE  ((762 = cbigint)
        OR ((csmallint < cfloat)
            AND ((ctimestamp2 > -5)
                 AND (cdouble != cint)))
        OR (cstring1 = 'a')
           OR ((cbigint <= -1.389)
               AND ((cstring2 != 'a')
                    AND ((79.553 != cint)
                         AND (cboolean2 != cboolean1)))))
PREHOOK: type: QUERY
POSTHOOK: query: EXPLAIN
SELECT AVG(cint),
       (AVG(cint) + -3728),
       (-((AVG(cint) + -3728))),
       (-((-((AVG(cint) + -3728))))),
       ((-((-((AVG(cint) + -3728))))) * (AVG(cint) + -3728)),
       SUM(cdouble),
       (-(AVG(cint))),
       STDDEV_POP(cint),
       (((-((-((AVG(cint) + -3728))))) * (AVG(cint) + -3728)) * (-((-((AVG(cint) + -3728)))))),
       STDDEV_SAMP(csmallint),
       (-(STDDEV_POP(cint))),
       (STDDEV_POP(cint) - (-((-((AVG(cint) + -3728)))))),
       ((STDDEV_POP(cint) - (-((-((AVG(cint) + -3728)))))) * STDDEV_POP(cint)),
       VAR_SAMP(cint),
       AVG(cfloat),
       (10.175 - VAR_SAMP(cint)),
       (-((10.175 - VAR_SAMP(cint)))),
       ((-(STDDEV_POP(cint))) / -563),
       STDDEV_SAMP(cint),
       (-(((-(STDDEV_POP(cint))) / -563))),
       (AVG(cint) / SUM(cdouble)),
       MIN(ctinyint),
       COUNT(csmallint),
       (MIN(ctinyint) / ((-(STDDEV_POP(cint))) / -563)),
       (-((AVG(cint) / SUM(cdouble))))
FROM   alltypesorc
WHERE  ((762 = cbigint)
        OR ((csmallint < cfloat)
            AND ((ctimestamp2 > -5)
                 AND (cdouble != cint)))
        OR (cstring1 = 'a')
           OR ((cbigint <= -1.389)
               AND ((cstring2 != 'a')
                    AND ((79.553 != cint)
                         AND (cboolean2 != cboolean1)))))
POSTHOOK: type: QUERY
STAGE DEPENDENCIES:
  Stage-1 is a root stage
  Stage-0 depends on stages: Stage-1

STAGE PLANS:
  Stage: Stage-1
    Tez
#### A masked pattern was here ####
      Edges:
        Reducer 2 <- Map 1 (SIMPLE_EDGE)
#### A masked pattern was here ####
      Vertices:
        Map 1 
            Map Operator Tree:
                TableScan
                  alias: alltypesorc
                  Statistics: Num rows: 12288 Data size: 2641964 Basic stats: COMPLETE Column stats: NONE
                  Filter Operator
                    predicate: ((762 = cbigint) or ((UDFToFloat(csmallint) < cfloat) and (UDFToDouble(ctimestamp2) > -5.0) and (cdouble <> UDFToDouble(cint))) or (cstring1 = 'a') or ((UDFToDouble(cbigint) <= -1.389) and (cstring2 <> 'a') and (79.553 <> UDFToDouble(cint)) and (cboolean2 <> cboolean1))) (type: boolean)
                    Statistics: Num rows: 12288 Data size: 2641964 Basic stats: COMPLETE Column stats: NONE
                    Select Operator
                      expressions: cint (type: int), cdouble (type: double), csmallint (type: smallint), cfloat (type: float), ctinyint (type: tinyint)
                      outputColumnNames: cint, cdouble, csmallint, cfloat, ctinyint
                      Statistics: Num rows: 12288 Data size: 2641964 Basic stats: COMPLETE Column stats: NONE
                      Group By Operator
                        aggregations: avg(cint), sum(cdouble), stddev_pop(cint), stddev_samp(csmallint), var_samp(cint), avg(cfloat), stddev_samp(cint), min(ctinyint), count(csmallint)
                        mode: hash
                        outputColumnNames: _col0, _col1, _col2, _col3, _col4, _col5, _col6, _col7, _col8
                        Statistics: Num rows: 1 Data size: 492 Basic stats: COMPLETE Column stats: NONE
                        Reduce Output Operator
                          sort order: 
                          Statistics: Num rows: 1 Data size: 492 Basic stats: COMPLETE Column stats: NONE
                          value expressions: _col0 (type: struct<count:bigint,sum:double,input:int>), _col1 (type: double), _col2 (type: struct<count:bigint,sum:double,variance:double>), _col3 (type: struct<count:bigint,sum:double,variance:double>), _col4 (type: struct<count:bigint,sum:double,variance:double>), _col5 (type: struct<count:bigint,sum:double,input:float>), _col6 (type: struct<count:bigint,sum:double,variance:double>), _col7 (type: tinyint), _col8 (type: bigint)
            Execution mode: vectorized, llap
            LLAP IO: all inputs
        Reducer 2 
            Execution mode: llap
            Reduce Operator Tree:
              Group By Operator
                aggregations: avg(VALUE._col0), sum(VALUE._col1), stddev_pop(VALUE._col2), stddev_samp(VALUE._col3), var_samp(VALUE._col4), avg(VALUE._col5), stddev_samp(VALUE._col6), min(VALUE._col7), count(VALUE._col8)
                mode: mergepartial
                outputColumnNames: _col0, _col1, _col2, _col3, _col4, _col5, _col6, _col7, _col8
                Statistics: Num rows: 1 Data size: 492 Basic stats: COMPLETE Column stats: NONE
                Select Operator
                  expressions: _col0 (type: double), (_col0 + -3728.0) (type: double), (- (_col0 + -3728.0)) (type: double), (- (- (_col0 + -3728.0))) (type: double), ((- (- (_col0 + -3728.0))) * (_col0 + -3728.0)) (type: double), _col1 (type: double), (- _col0) (type: double), _col2 (type: double), (((- (- (_col0 + -3728.0))) * (_col0 + -3728.0)) * (- (- (_col0 + -3728.0)))) (type: double), _col3 (type: double), (- _col2) (type: double), (_col2 - (- (- (_col0 + -3728.0)))) (type: double), ((_col2 - (- (- (_col0 + -3728.0)))) * _col2) (type: double), _col4 (type: double), _col5 (type: double), (10.175 - _col4) (type: double), (- (10.175 - _col4)) (type: double), ((- _col2) / -563.0) (type: double), _col6 (type: double), (- ((- _col2) / -563.0)) (type: double), (_col0 / _col1) (type: double), _col7 (type: tinyint), _col8 (type: bigint), (UDFToDouble(_col7) / ((- _col2) / -563.0)) (type: double), (- (_col0 / _col1)) (type: double)
                  outputColumnNames: _col0, _col1, _col2, _col3, _col4, _col5, _col6, _col7, _col8, _col9, _col10, _col11, _col12, _col13, _col14, _col15, _col16, _col17, _col18, _col19, _col20, _col21, _col22, _col23, _col24
                  Statistics: Num rows: 1 Data size: 492 Basic stats: COMPLETE Column stats: NONE
                  File Output Operator
                    compressed: false
                    Statistics: Num rows: 1 Data size: 492 Basic stats: COMPLETE Column stats: NONE
                    table:
                        input format: org.apache.hadoop.mapred.SequenceFileInputFormat
                        output format: org.apache.hadoop.hive.ql.io.HiveSequenceFileOutputFormat
                        serde: org.apache.hadoop.hive.serde2.lazy.LazySimpleSerDe

  Stage: Stage-0
    Fetch Operator
      limit: -1
      Processor Tree:
        ListSink

WARNING: Comparing a bigint and a double may result in a loss of precision.
PREHOOK: query: EXPLAIN
SELECT AVG(cint),
       (AVG(cint) + -3728),
       (-((AVG(cint) + -3728))),
       (-((-((AVG(cint) + -3728))))),
       ((-((-((AVG(cint) + -3728))))) * (AVG(cint) + -3728)),
       SUM(cdouble),
       (-(AVG(cint))),
       STDDEV_POP(cint),
       (((-((-((AVG(cint) + -3728))))) * (AVG(cint) + -3728)) * (-((-((AVG(cint) + -3728)))))),
       STDDEV_SAMP(csmallint),
       (-(STDDEV_POP(cint))),
       (STDDEV_POP(cint) - (-((-((AVG(cint) + -3728)))))),
       ((STDDEV_POP(cint) - (-((-((AVG(cint) + -3728)))))) * STDDEV_POP(cint)),
       VAR_SAMP(cint),
       AVG(cfloat),
       (10.175 - VAR_SAMP(cint)),
       (-((10.175 - VAR_SAMP(cint)))),
       ((-(STDDEV_POP(cint))) / -563),
       STDDEV_SAMP(cint),
       (-(((-(STDDEV_POP(cint))) / -563))),
       (AVG(cint) / SUM(cdouble)),
       MIN(ctinyint),
       COUNT(csmallint),
       (MIN(ctinyint) / ((-(STDDEV_POP(cint))) / -563)),
       (-((AVG(cint) / SUM(cdouble))))
FROM   alltypesorc
WHERE  ((762 = cbigint)
        OR ((csmallint < cfloat)
            AND ((ctimestamp2 > -5)
                 AND (cdouble != cint)))
        OR (cstring1 = 'a')
           OR ((cbigint <= -1.389)
               AND ((cstring2 != 'a')
                    AND ((79.553 != cint)
                         AND (cboolean2 != cboolean1)))))
PREHOOK: type: QUERY
POSTHOOK: query: EXPLAIN
SELECT AVG(cint),
       (AVG(cint) + -3728),
       (-((AVG(cint) + -3728))),
       (-((-((AVG(cint) + -3728))))),
       ((-((-((AVG(cint) + -3728))))) * (AVG(cint) + -3728)),
       SUM(cdouble),
       (-(AVG(cint))),
       STDDEV_POP(cint),
       (((-((-((AVG(cint) + -3728))))) * (AVG(cint) + -3728)) * (-((-((AVG(cint) + -3728)))))),
       STDDEV_SAMP(csmallint),
       (-(STDDEV_POP(cint))),
       (STDDEV_POP(cint) - (-((-((AVG(cint) + -3728)))))),
       ((STDDEV_POP(cint) - (-((-((AVG(cint) + -3728)))))) * STDDEV_POP(cint)),
       VAR_SAMP(cint),
       AVG(cfloat),
       (10.175 - VAR_SAMP(cint)),
       (-((10.175 - VAR_SAMP(cint)))),
       ((-(STDDEV_POP(cint))) / -563),
       STDDEV_SAMP(cint),
       (-(((-(STDDEV_POP(cint))) / -563))),
       (AVG(cint) / SUM(cdouble)),
       MIN(ctinyint),
       COUNT(csmallint),
       (MIN(ctinyint) / ((-(STDDEV_POP(cint))) / -563)),
       (-((AVG(cint) / SUM(cdouble))))
FROM   alltypesorc
WHERE  ((762 = cbigint)
        OR ((csmallint < cfloat)
            AND ((ctimestamp2 > -5)
                 AND (cdouble != cint)))
        OR (cstring1 = 'a')
           OR ((cbigint <= -1.389)
               AND ((cstring2 != 'a')
                    AND ((79.553 != cint)
                         AND (cboolean2 != cboolean1)))))
POSTHOOK: type: QUERY
STAGE DEPENDENCIES:
  Stage-1 is a root stage
  Stage-0 depends on stages: Stage-1

STAGE PLANS:
  Stage: Stage-1
    Tez
#### A masked pattern was here ####
      Edges:
        Reducer 2 <- Map 1 (SIMPLE_EDGE)
#### A masked pattern was here ####
      Vertices:
        Map 1 
            Map Operator Tree:
                TableScan
                  alias: alltypesorc
                  Statistics: Num rows: 12288 Data size: 2641964 Basic stats: COMPLETE Column stats: NONE
                  Filter Operator
                    predicate: ((762 = cbigint) or ((UDFToFloat(csmallint) < cfloat) and (UDFToDouble(ctimestamp2) > -5.0) and (cdouble <> UDFToDouble(cint))) or (cstring1 = 'a') or ((UDFToDouble(cbigint) <= -1.389) and (cstring2 <> 'a') and (79.553 <> UDFToDouble(cint)) and (cboolean2 <> cboolean1))) (type: boolean)
                    Statistics: Num rows: 12288 Data size: 2641964 Basic stats: COMPLETE Column stats: NONE
                    Select Operator
                      expressions: cint (type: int), cdouble (type: double), csmallint (type: smallint), cfloat (type: float), ctinyint (type: tinyint)
                      outputColumnNames: cint, cdouble, csmallint, cfloat, ctinyint
                      Statistics: Num rows: 12288 Data size: 2641964 Basic stats: COMPLETE Column stats: NONE
                      Group By Operator
                        aggregations: avg(cint), sum(cdouble), stddev_pop(cint), stddev_samp(csmallint), var_samp(cint), avg(cfloat), stddev_samp(cint), min(ctinyint), count(csmallint)
                        mode: hash
                        outputColumnNames: _col0, _col1, _col2, _col3, _col4, _col5, _col6, _col7, _col8
                        Statistics: Num rows: 1 Data size: 492 Basic stats: COMPLETE Column stats: NONE
                        Reduce Output Operator
                          sort order: 
                          Statistics: Num rows: 1 Data size: 492 Basic stats: COMPLETE Column stats: NONE
                          value expressions: _col0 (type: struct<count:bigint,sum:double,input:int>), _col1 (type: double), _col2 (type: struct<count:bigint,sum:double,variance:double>), _col3 (type: struct<count:bigint,sum:double,variance:double>), _col4 (type: struct<count:bigint,sum:double,variance:double>), _col5 (type: struct<count:bigint,sum:double,input:float>), _col6 (type: struct<count:bigint,sum:double,variance:double>), _col7 (type: tinyint), _col8 (type: bigint)
            Execution mode: vectorized, llap
            LLAP IO: all inputs
        Reducer 2 
            Execution mode: llap
            Reduce Operator Tree:
              Group By Operator
                aggregations: avg(VALUE._col0), sum(VALUE._col1), stddev_pop(VALUE._col2), stddev_samp(VALUE._col3), var_samp(VALUE._col4), avg(VALUE._col5), stddev_samp(VALUE._col6), min(VALUE._col7), count(VALUE._col8)
                mode: mergepartial
                outputColumnNames: _col0, _col1, _col2, _col3, _col4, _col5, _col6, _col7, _col8
                Statistics: Num rows: 1 Data size: 492 Basic stats: COMPLETE Column stats: NONE
                Select Operator
                  expressions: _col0 (type: double), (_col0 + -3728.0) (type: double), (- (_col0 + -3728.0)) (type: double), (- (- (_col0 + -3728.0))) (type: double), ((- (- (_col0 + -3728.0))) * (_col0 + -3728.0)) (type: double), _col1 (type: double), (- _col0) (type: double), _col2 (type: double), (((- (- (_col0 + -3728.0))) * (_col0 + -3728.0)) * (- (- (_col0 + -3728.0)))) (type: double), _col3 (type: double), (- _col2) (type: double), (_col2 - (- (- (_col0 + -3728.0)))) (type: double), ((_col2 - (- (- (_col0 + -3728.0)))) * _col2) (type: double), _col4 (type: double), _col5 (type: double), (10.175 - _col4) (type: double), (- (10.175 - _col4)) (type: double), ((- _col2) / -563.0) (type: double), _col6 (type: double), (- ((- _col2) / -563.0)) (type: double), (_col0 / _col1) (type: double), _col7 (type: tinyint), _col8 (type: bigint), (UDFToDouble(_col7) / ((- _col2) / -563.0)) (type: double), (- (_col0 / _col1)) (type: double)
                  outputColumnNames: _col0, _col1, _col2, _col3, _col4, _col5, _col6, _col7, _col8, _col9, _col10, _col11, _col12, _col13, _col14, _col15, _col16, _col17, _col18, _col19, _col20, _col21, _col22, _col23, _col24
                  Statistics: Num rows: 1 Data size: 492 Basic stats: COMPLETE Column stats: NONE
                  File Output Operator
                    compressed: false
                    Statistics: Num rows: 1 Data size: 492 Basic stats: COMPLETE Column stats: NONE
                    table:
                        input format: org.apache.hadoop.mapred.SequenceFileInputFormat
                        output format: org.apache.hadoop.hive.ql.io.HiveSequenceFileOutputFormat
                        serde: org.apache.hadoop.hive.serde2.lazy.LazySimpleSerDe

  Stage: Stage-0
    Fetch Operator
      limit: -1
      Processor Tree:
        ListSink

