PREHOOK: query: explain extended select count( * ) from alltypesorc 
where (((cstring1 LIKE 'a%') or ((cstring1 like 'b%') or (cstring1 like 'c%'))) or 
((length(cstring1) < 50 ) and ((cstring1 like '%n') and (length(cstring1) > 0))))
PREHOOK: type: QUERY
POSTHOOK: query: explain extended select count( * ) from alltypesorc 
where (((cstring1 LIKE 'a%') or ((cstring1 like 'b%') or (cstring1 like 'c%'))) or 
((length(cstring1) < 50 ) and ((cstring1 like '%n') and (length(cstring1) > 0))))
POSTHOOK: type: QUERY
STAGE DEPENDENCIES:
  Stage-1 is a root stage
  Stage-0 depends on stages: Stage-1

STAGE PLANS:
  Stage: Stage-1
    Map Reduce
      Map Operator Tree:
          TableScan
            alias: alltypesorc
            Statistics: Num rows: 12288 Data size: 2641964 Basic stats: COMPLETE Column stats: NONE
            GatherStats: false
            Filter Operator
              isSamplingPred: false
              predicate: ((cstring1 like 'a%') or (cstring1 like 'b%') or (cstring1 like 'c%') or ((length(cstring1) < 50) and (cstring1 like '%n') and (length(cstring1) > 0))) (type: boolean)
              Statistics: Num rows: 12288 Data size: 2641964 Basic stats: COMPLETE Column stats: NONE
              Select Operator
                Statistics: Num rows: 12288 Data size: 2641964 Basic stats: COMPLETE Column stats: NONE
                Group By Operator
                  aggregations: count()
                  mode: hash
                  outputColumnNames: _col0
                  Statistics: Num rows: 1 Data size: 8 Basic stats: COMPLETE Column stats: NONE
                  Reduce Output Operator
                    null sort order: 
                    sort order: 
                    Statistics: Num rows: 1 Data size: 8 Basic stats: COMPLETE Column stats: NONE
                    tag: -1
                    value expressions: _col0 (type: bigint)
                    auto parallelism: false
      Execution mode: vectorized
      Path -> Alias:
#### A masked pattern was here ####
      Path -> Partition:
#### A masked pattern was here ####
          Partition
            base file name: alltypesorc
            input format: org.apache.hadoop.hive.ql.io.orc.OrcInputFormat
            output format: org.apache.hadoop.hive.ql.io.orc.OrcOutputFormat
            properties:
              COLUMN_STATS_ACCURATE {"BASIC_STATS":"true","COLUMN_STATS":{"ctinyint":"true","csmallint":"true","cint":"true","cbigint":"true","cfloat":"true","cdouble":"true","cstring1":"true","cstring2":"true","ctimestamp1":"true","ctimestamp2":"true","cboolean1":"true","cboolean2":"true"}}
              bucket_count -1
              columns ctinyint,csmallint,cint,cbigint,cfloat,cdouble,cstring1,cstring2,ctimestamp1,ctimestamp2,cboolean1,cboolean2
              columns.comments 
              columns.types tinyint:smallint:int:bigint:float:double:string:string:timestamp:timestamp:boolean:boolean
#### A masked pattern was here ####
              name default.alltypesorc
              numFiles 1
              numRows 12288
              rawDataSize 2641964
              serialization.ddl struct alltypesorc { byte ctinyint, i16 csmallint, i32 cint, i64 cbigint, float cfloat, double cdouble, string cstring1, string cstring2, timestamp ctimestamp1, timestamp ctimestamp2, bool cboolean1, bool cboolean2}
              serialization.format 1
              serialization.lib org.apache.hadoop.hive.ql.io.orc.OrcSerde
              totalSize 377237
#### A masked pattern was here ####
            serde: org.apache.hadoop.hive.ql.io.orc.OrcSerde
          
              input format: org.apache.hadoop.hive.ql.io.orc.OrcInputFormat
              output format: org.apache.hadoop.hive.ql.io.orc.OrcOutputFormat
              properties:
                COLUMN_STATS_ACCURATE {"BASIC_STATS":"true","COLUMN_STATS":{"ctinyint":"true","csmallint":"true","cint":"true","cbigint":"true","cfloat":"true","cdouble":"true","cstring1":"true","cstring2":"true","ctimestamp1":"true","ctimestamp2":"true","cboolean1":"true","cboolean2":"true"}}
                bucket_count -1
                columns ctinyint,csmallint,cint,cbigint,cfloat,cdouble,cstring1,cstring2,ctimestamp1,ctimestamp2,cboolean1,cboolean2
                columns.comments 
                columns.types tinyint:smallint:int:bigint:float:double:string:string:timestamp:timestamp:boolean:boolean
#### A masked pattern was here ####
                name default.alltypesorc
                numFiles 1
                numRows 12288
                rawDataSize 2641964
                serialization.ddl struct alltypesorc { byte ctinyint, i16 csmallint, i32 cint, i64 cbigint, float cfloat, double cdouble, string cstring1, string cstring2, timestamp ctimestamp1, timestamp ctimestamp2, bool cboolean1, bool cboolean2}
                serialization.format 1
                serialization.lib org.apache.hadoop.hive.ql.io.orc.OrcSerde
                totalSize 377237
#### A masked pattern was here ####
              serde: org.apache.hadoop.hive.ql.io.orc.OrcSerde
              name: default.alltypesorc
            name: default.alltypesorc
      Truncated Path -> Alias:
        /alltypesorc [alltypesorc]
      Needs Tagging: false
      Reduce Operator Tree:
        Group By Operator
          aggregations: count(VALUE._col0)
          mode: mergepartial
          outputColumnNames: _col0
          Statistics: Num rows: 1 Data size: 8 Basic stats: COMPLETE Column stats: NONE
          File Output Operator
            compressed: false
            GlobalTableId: 0
#### A masked pattern was here ####
            NumFilesPerFileSink: 1
            Statistics: Num rows: 1 Data size: 8 Basic stats: COMPLETE Column stats: NONE
#### A masked pattern was here ####
            table:
                input format: org.apache.hadoop.mapred.SequenceFileInputFormat
                output format: org.apache.hadoop.hive.ql.io.HiveSequenceFileOutputFormat
                properties:
                  columns _col0
                  columns.types bigint
                  escape.delim \
                  hive.serialization.extend.additional.nesting.levels true
                  serialization.escape.crlf true
                  serialization.format 1
                  serialization.lib org.apache.hadoop.hive.serde2.lazy.LazySimpleSerDe
                serde: org.apache.hadoop.hive.serde2.lazy.LazySimpleSerDe
            TotalFiles: 1
            GatherStats: false
            MultiFileSpray: false

  Stage: Stage-0
    Fetch Operator
      limit: -1
      Processor Tree:
        ListSink

PREHOOK: query: explain extended select count( * ) from alltypesorc 
where (((cstring1 LIKE 'a%') or ((cstring1 like 'b%') or (cstring1 like 'c%'))) or (cstring1 like '%n'))
PREHOOK: type: QUERY
POSTHOOK: query: explain extended select count( * ) from alltypesorc 
where (((cstring1 LIKE 'a%') or ((cstring1 like 'b%') or (cstring1 like 'c%'))) or (cstring1 like '%n'))
POSTHOOK: type: QUERY
STAGE DEPENDENCIES:
  Stage-1 is a root stage
  Stage-0 depends on stages: Stage-1

STAGE PLANS:
  Stage: Stage-1
    Map Reduce
      Map Operator Tree:
          TableScan
            alias: alltypesorc
            Statistics: Num rows: 12288 Data size: 2641964 Basic stats: COMPLETE Column stats: NONE
            GatherStats: false
            Filter Operator
              isSamplingPred: false
              predicate: ((cstring1 like 'a%') or (cstring1 like 'b%') or (cstring1 like 'c%') or (cstring1 like '%n')) (type: boolean)
              Statistics: Num rows: 12288 Data size: 2641964 Basic stats: COMPLETE Column stats: NONE
              Select Operator
                Statistics: Num rows: 12288 Data size: 2641964 Basic stats: COMPLETE Column stats: NONE
                Group By Operator
                  aggregations: count()
                  mode: hash
                  outputColumnNames: _col0
                  Statistics: Num rows: 1 Data size: 8 Basic stats: COMPLETE Column stats: NONE
                  Reduce Output Operator
                    null sort order: 
                    sort order: 
                    Statistics: Num rows: 1 Data size: 8 Basic stats: COMPLETE Column stats: NONE
                    tag: -1
                    value expressions: _col0 (type: bigint)
                    auto parallelism: false
      Execution mode: vectorized
      Path -> Alias:
#### A masked pattern was here ####
      Path -> Partition:
#### A masked pattern was here ####
          Partition
            base file name: alltypesorc
            input format: org.apache.hadoop.hive.ql.io.orc.OrcInputFormat
            output format: org.apache.hadoop.hive.ql.io.orc.OrcOutputFormat
            properties:
              COLUMN_STATS_ACCURATE {"BASIC_STATS":"true","COLUMN_STATS":{"ctinyint":"true","csmallint":"true","cint":"true","cbigint":"true","cfloat":"true","cdouble":"true","cstring1":"true","cstring2":"true","ctimestamp1":"true","ctimestamp2":"true","cboolean1":"true","cboolean2":"true"}}
              bucket_count -1
              columns ctinyint,csmallint,cint,cbigint,cfloat,cdouble,cstring1,cstring2,ctimestamp1,ctimestamp2,cboolean1,cboolean2
              columns.comments 
              columns.types tinyint:smallint:int:bigint:float:double:string:string:timestamp:timestamp:boolean:boolean
#### A masked pattern was here ####
              name default.alltypesorc
              numFiles 1
              numRows 12288
              rawDataSize 2641964
              serialization.ddl struct alltypesorc { byte ctinyint, i16 csmallint, i32 cint, i64 cbigint, float cfloat, double cdouble, string cstring1, string cstring2, timestamp ctimestamp1, timestamp ctimestamp2, bool cboolean1, bool cboolean2}
              serialization.format 1
              serialization.lib org.apache.hadoop.hive.ql.io.orc.OrcSerde
              totalSize 377237
#### A masked pattern was here ####
            serde: org.apache.hadoop.hive.ql.io.orc.OrcSerde
          
              input format: org.apache.hadoop.hive.ql.io.orc.OrcInputFormat
              output format: org.apache.hadoop.hive.ql.io.orc.OrcOutputFormat
              properties:
                COLUMN_STATS_ACCURATE {"BASIC_STATS":"true","COLUMN_STATS":{"ctinyint":"true","csmallint":"true","cint":"true","cbigint":"true","cfloat":"true","cdouble":"true","cstring1":"true","cstring2":"true","ctimestamp1":"true","ctimestamp2":"true","cboolean1":"true","cboolean2":"true"}}
                bucket_count -1
                columns ctinyint,csmallint,cint,cbigint,cfloat,cdouble,cstring1,cstring2,ctimestamp1,ctimestamp2,cboolean1,cboolean2
                columns.comments 
                columns.types tinyint:smallint:int:bigint:float:double:string:string:timestamp:timestamp:boolean:boolean
#### A masked pattern was here ####
                name default.alltypesorc
                numFiles 1
                numRows 12288
                rawDataSize 2641964
                serialization.ddl struct alltypesorc { byte ctinyint, i16 csmallint, i32 cint, i64 cbigint, float cfloat, double cdouble, string cstring1, string cstring2, timestamp ctimestamp1, timestamp ctimestamp2, bool cboolean1, bool cboolean2}
                serialization.format 1
                serialization.lib org.apache.hadoop.hive.ql.io.orc.OrcSerde
                totalSize 377237
#### A masked pattern was here ####
              serde: org.apache.hadoop.hive.ql.io.orc.OrcSerde
              name: default.alltypesorc
            name: default.alltypesorc
      Truncated Path -> Alias:
        /alltypesorc [alltypesorc]
      Needs Tagging: false
      Reduce Operator Tree:
        Group By Operator
          aggregations: count(VALUE._col0)
          mode: mergepartial
          outputColumnNames: _col0
          Statistics: Num rows: 1 Data size: 8 Basic stats: COMPLETE Column stats: NONE
          File Output Operator
            compressed: false
            GlobalTableId: 0
#### A masked pattern was here ####
            NumFilesPerFileSink: 1
            Statistics: Num rows: 1 Data size: 8 Basic stats: COMPLETE Column stats: NONE
#### A masked pattern was here ####
            table:
                input format: org.apache.hadoop.mapred.SequenceFileInputFormat
                output format: org.apache.hadoop.hive.ql.io.HiveSequenceFileOutputFormat
                properties:
                  columns _col0
                  columns.types bigint
                  escape.delim \
                  hive.serialization.extend.additional.nesting.levels true
                  serialization.escape.crlf true
                  serialization.format 1
                  serialization.lib org.apache.hadoop.hive.serde2.lazy.LazySimpleSerDe
                serde: org.apache.hadoop.hive.serde2.lazy.LazySimpleSerDe
            TotalFiles: 1
            GatherStats: false
            MultiFileSpray: false

  Stage: Stage-0
    Fetch Operator
      limit: -1
      Processor Tree:
        ListSink

